Hmm ... looks like a package

This is pdfTeX, Version 3.14159265-2.6-1.40.21 (TeX Live 2020) (preloaded format=pdflatex)
 restricted \write18 enabled.
entering extended mode
LaTeX2e <2020-02-02> patch level 5
L3 programming layer <2020-03-06>
(./Rd2.tex
(/usr/local/texlive/2020/texmf-dist/tex/latex/base/book.cls
Document Class: book 2019/12/20 v1.4l Standard LaTeX document class
(/usr/local/texlive/2020/texmf-dist/tex/latex/base/bk10.clo))
(/Library/Frameworks/R.framework/Resources/share/texmf/tex/latex/Rd.sty
(/usr/local/texlive/2020/texmf-dist/tex/latex/base/ifthen.sty)
(/usr/local/texlive/2020/texmf-dist/tex/latex/tools/longtable.sty)
(/usr/local/texlive/2020/texmf-dist/tex/latex/tools/bm.sty)
(/usr/local/texlive/2020/texmf-dist/tex/latex/base/alltt.sty)
(/usr/local/texlive/2020/texmf-dist/tex/latex/tools/verbatim.sty)
(/usr/local/texlive/2020/texmf-dist/tex/latex/url/url.sty)
(/usr/local/texlive/2020/texmf-dist/tex/latex/base/textcomp.sty)
(/usr/local/texlive/2020/texmf-dist/tex/latex/base/fontenc.sty)
(/usr/local/texlive/2020/texmf-dist/tex/latex/psnfss/times.sty)
(/usr/local/texlive/2020/texmf-dist/tex/latex/inconsolata/zi4.sty
`inconsolata-zi4' v1.12, 2019/05/17 Text macros for Inconsolata (msharpe)
(/usr/local/texlive/2020/texmf-dist/tex/latex/xkeyval/xkeyval.sty
(/usr/local/texlive/2020/texmf-dist/tex/generic/xkeyval/xkeyval.tex
(/usr/local/texlive/2020/texmf-dist/tex/generic/xkeyval/xkvutils.tex
(/usr/local/texlive/2020/texmf-dist/tex/generic/xkeyval/keyval.tex)))))
(/usr/local/texlive/2020/texmf-dist/tex/latex/graphics/color.sty
(/usr/local/texlive/2020/texmf-dist/tex/latex/graphics-cfg/color.cfg)
(/usr/local/texlive/2020/texmf-dist/tex/latex/graphics-def/pdftex.def))
(/usr/local/texlive/2020/texmf-dist/tex/latex/hyperref/hyperref.sty
(/usr/local/texlive/2020/texmf-dist/tex/generic/ltxcmds/ltxcmds.sty)
(/usr/local/texlive/2020/texmf-dist/tex/generic/iftex/iftex.sty)
(/usr/local/texlive/2020/texmf-dist/tex/latex/pdftexcmds/pdftexcmds.sty
(/usr/local/texlive/2020/texmf-dist/tex/generic/infwarerr/infwarerr.sty))
(/usr/local/texlive/2020/texmf-dist/tex/generic/kvsetkeys/kvsetkeys.sty)
(/usr/local/texlive/2020/texmf-dist/tex/generic/kvdefinekeys/kvdefinekeys.sty)
(/usr/local/texlive/2020/texmf-dist/tex/generic/pdfescape/pdfescape.sty)
(/usr/local/texlive/2020/texmf-dist/tex/latex/hycolor/hycolor.sty)
(/usr/local/texlive/2020/texmf-dist/tex/latex/letltxmacro/letltxmacro.sty)
(/usr/local/texlive/2020/texmf-dist/tex/latex/auxhook/auxhook.sty)
(/usr/local/texlive/2020/texmf-dist/tex/latex/kvoptions/kvoptions.sty)
(/usr/local/texlive/2020/texmf-dist/tex/latex/hyperref/pd1enc.def)
(/usr/local/texlive/2020/texmf-dist/tex/generic/intcalc/intcalc.sty)
(/usr/local/texlive/2020/texmf-dist/tex/generic/etexcmds/etexcmds.sty)
(/usr/local/texlive/2020/texmf-dist/tex/generic/bitset/bitset.sty
(/usr/local/texlive/2020/texmf-dist/tex/generic/bigintcalc/bigintcalc.sty))
(/usr/local/texlive/2020/texmf-dist/tex/generic/atbegshi/atbegshi.sty))
(/usr/local/texlive/2020/texmf-dist/tex/latex/hyperref/hpdftex.def
(/usr/local/texlive/2020/texmf-dist/tex/latex/atveryend/atveryend.sty)
(/usr/local/texlive/2020/texmf-dist/tex/latex/rerunfilecheck/rerunfilecheck.sty

(/usr/local/texlive/2020/texmf-dist/tex/generic/uniquecounter/uniquecounter.sty
)))

Package hyperref Warning: Option `hyperindex' has already been used,
(hyperref)                setting the option has no effect on input line 377.


Package hyperref Warning: Option `pagebackref' has already been used,
(hyperref)                setting the option has no effect on input line 377.

) (/usr/local/texlive/2020/texmf-dist/tex/latex/base/makeidx.sty)
(/usr/local/texlive/2020/texmf-dist/tex/latex/base/inputenc.sty)
Writing index file Rd2.idx
(/usr/local/texlive/2020/texmf-dist/tex/latex/l3backend/l3backend-pdfmode.def)
No file Rd2.aux.
(/usr/local/texlive/2020/texmf-dist/tex/latex/psnfss/t1ptm.fd)
(/usr/local/texlive/2020/texmf-dist/tex/context/base/mkii/supp-pdf.mkii
[Loading MPS to PDF converter (version 2006.09.02).]
) (/usr/local/texlive/2020/texmf-dist/tex/latex/hyperref/nameref.sty
(/usr/local/texlive/2020/texmf-dist/tex/latex/refcount/refcount.sty)
(/usr/local/texlive/2020/texmf-dist/tex/generic/gettitlestring/gettitlestring.s
ty)) (/usr/local/texlive/2020/texmf-dist/tex/latex/inconsolata/t1zi4.fd)
(/usr/local/texlive/2020/texmf-dist/tex/latex/psnfss/t1phv.fd

LaTeX Warning: Font shape declaration has incorrect series value `mc'.
               It should not contain an `m'! Please correct it.
               Found on input line 20.


LaTeX Warning: Font shape declaration has incorrect series value `mc'.
               It should not contain an `m'! Please correct it.
               Found on input line 23.


LaTeX Warning: Font shape declaration has incorrect series value `mc'.
               It should not contain an `m'! Please correct it.
               Found on input line 26.


LaTeX Warning: Font shape declaration has incorrect series value `mc'.
               It should not contain an `m'! Please correct it.
               Found on input line 46.

) [1{/usr/local/texlive/2020/texmf-var/fonts/map/pdftex/updmap/pdftex.map}]
[2] [3] [4] [5] [6] [7] [8] [9] [10] [11] [12] [13]
Underfull \hbox (badness 10000) in paragraph at lines 724--724
[]\T1/ptm/m/it/10 Plot in-del pro-file in a 21-channel bar plot, orig-i-nal
[14]
Underfull \hbox (badness 10000) in paragraph at lines 756--756
[]\T1/ptm/m/it/10 Plot in-del pro-file in a 89-channel bar plot, orig-i-nal
[15]
Underfull \hbox (badness 10000) in paragraph at lines 798--798
[]\T1/ptm/m/it/10 Plot in-del pro-file in a 89-channel bar plot, orig-i-nal

Underfull \hbox (badness 4832) in paragraph at lines 838--838
[]\T1/ptm/m/it/10 Plot in-del pro-file in a ex-tended chan-nel bar plot, orig-i
-nal
[16]
Underfull \hbox (badness 4832) in paragraph at lines 880--880
[]\T1/ptm/m/it/10 Plot in-del pro-file in a ex-tended chan-nel bar plot, orig-i
-nal
[17] [18] [19]
Underfull \hbox (badness 10000) in paragraph at lines 1066--1066
[]\T1/ptm/m/it/10 Plot in-del pro-file in a 89-channel bar plot, orig-i-nal
[20] [21]
No file Rd2.ind.
[22]
(/private/var/folders/7x/krk4nt553vjgpclm40cjszn8zpb28k/T/Rtmp3AYMKk/Rd2pdf6509
58459855/Rd2.aux)

Package rerunfilecheck Warning: File `Rd2.out' has changed.
(rerunfilecheck)                Rerun to get outlines right
(rerunfilecheck)                or use package `bookmark'.

 )
(see the transcript file for additional information){/usr/local/texlive/2020/te
xmf-dist/fonts/enc/dvips/base/8r.enc}{/usr/local/texlive/2020/texmf-dist/fonts/
enc/dvips/inconsolata/i4-t1-0.enc}</usr/local/texlive/2020/texmf-dist/fonts/typ
e1/public/inconsolata/Inconsolata-zi4r.pfb></usr/local/texlive/2020/texmf-dist/
fonts/type1/urw/helvetic/uhvr8a.pfb></usr/local/texlive/2020/texmf-dist/fonts/t
ype1/urw/times/utmb8a.pfb></usr/local/texlive/2020/texmf-dist/fonts/type1/urw/t
imes/utmr8a.pfb></usr/local/texlive/2020/texmf-dist/fonts/type1/urw/times/utmr8
a.pfb></usr/local/texlive/2020/texmf-dist/fonts/type1/urw/times/utmri8a.pfb>
Output written on Rd2.pdf (22 pages, 103696 bytes).
Transcript written on Rd2.log.
This is pdfTeX, Version 3.14159265-2.6-1.40.21 (TeX Live 2020) (preloaded format=pdflatex)
 restricted \write18 enabled.
entering extended mode
LaTeX2e <2020-02-02> patch level 5
L3 programming layer <2020-03-06>
(./Rd2.tex
(/usr/local/texlive/2020/texmf-dist/tex/latex/base/book.cls
Document Class: book 2019/12/20 v1.4l Standard LaTeX document class
(/usr/local/texlive/2020/texmf-dist/tex/latex/base/bk10.clo))
(/Library/Frameworks/R.framework/Resources/share/texmf/tex/latex/Rd.sty
(/usr/local/texlive/2020/texmf-dist/tex/latex/base/ifthen.sty)
(/usr/local/texlive/2020/texmf-dist/tex/latex/tools/longtable.sty)
(/usr/local/texlive/2020/texmf-dist/tex/latex/tools/bm.sty)
(/usr/local/texlive/2020/texmf-dist/tex/latex/base/alltt.sty)
(/usr/local/texlive/2020/texmf-dist/tex/latex/tools/verbatim.sty)
(/usr/local/texlive/2020/texmf-dist/tex/latex/url/url.sty)
(/usr/local/texlive/2020/texmf-dist/tex/latex/base/textcomp.sty)
(/usr/local/texlive/2020/texmf-dist/tex/latex/base/fontenc.sty)
(/usr/local/texlive/2020/texmf-dist/tex/latex/psnfss/times.sty)
(/usr/local/texlive/2020/texmf-dist/tex/latex/inconsolata/zi4.sty
`inconsolata-zi4' v1.12, 2019/05/17 Text macros for Inconsolata (msharpe)
(/usr/local/texlive/2020/texmf-dist/tex/latex/xkeyval/xkeyval.sty
(/usr/local/texlive/2020/texmf-dist/tex/generic/xkeyval/xkeyval.tex
(/usr/local/texlive/2020/texmf-dist/tex/generic/xkeyval/xkvutils.tex
(/usr/local/texlive/2020/texmf-dist/tex/generic/xkeyval/keyval.tex)))))
(/usr/local/texlive/2020/texmf-dist/tex/latex/graphics/color.sty
(/usr/local/texlive/2020/texmf-dist/tex/latex/graphics-cfg/color.cfg)
(/usr/local/texlive/2020/texmf-dist/tex/latex/graphics-def/pdftex.def))
(/usr/local/texlive/2020/texmf-dist/tex/latex/hyperref/hyperref.sty
(/usr/local/texlive/2020/texmf-dist/tex/generic/ltxcmds/ltxcmds.sty)
(/usr/local/texlive/2020/texmf-dist/tex/generic/iftex/iftex.sty)
(/usr/local/texlive/2020/texmf-dist/tex/latex/pdftexcmds/pdftexcmds.sty
(/usr/local/texlive/2020/texmf-dist/tex/generic/infwarerr/infwarerr.sty))
(/usr/local/texlive/2020/texmf-dist/tex/generic/kvsetkeys/kvsetkeys.sty)
(/usr/local/texlive/2020/texmf-dist/tex/generic/kvdefinekeys/kvdefinekeys.sty)
(/usr/local/texlive/2020/texmf-dist/tex/generic/pdfescape/pdfescape.sty)
(/usr/local/texlive/2020/texmf-dist/tex/latex/hycolor/hycolor.sty)
(/usr/local/texlive/2020/texmf-dist/tex/latex/letltxmacro/letltxmacro.sty)
(/usr/local/texlive/2020/texmf-dist/tex/latex/auxhook/auxhook.sty)
(/usr/local/texlive/2020/texmf-dist/tex/latex/kvoptions/kvoptions.sty)
(/usr/local/texlive/2020/texmf-dist/tex/latex/hyperref/pd1enc.def)
(/usr/local/texlive/2020/texmf-dist/tex/generic/intcalc/intcalc.sty)
(/usr/local/texlive/2020/texmf-dist/tex/generic/etexcmds/etexcmds.sty)
(/usr/local/texlive/2020/texmf-dist/tex/generic/bitset/bitset.sty
(/usr/local/texlive/2020/texmf-dist/tex/generic/bigintcalc/bigintcalc.sty))
(/usr/local/texlive/2020/texmf-dist/tex/generic/atbegshi/atbegshi.sty))
(/usr/local/texlive/2020/texmf-dist/tex/latex/hyperref/hpdftex.def
(/usr/local/texlive/2020/texmf-dist/tex/latex/atveryend/atveryend.sty)
(/usr/local/texlive/2020/texmf-dist/tex/latex/rerunfilecheck/rerunfilecheck.sty

(/usr/local/texlive/2020/texmf-dist/tex/generic/uniquecounter/uniquecounter.sty
)))

Package hyperref Warning: Option `hyperindex' has already been used,
(hyperref)                setting the option has no effect on input line 377.


Package hyperref Warning: Option `pagebackref' has already been used,
(hyperref)                setting the option has no effect on input line 377.

) (/usr/local/texlive/2020/texmf-dist/tex/latex/base/makeidx.sty)
(/usr/local/texlive/2020/texmf-dist/tex/latex/base/inputenc.sty)
Writing index file Rd2.idx
(/usr/local/texlive/2020/texmf-dist/tex/latex/l3backend/l3backend-pdfmode.def)
(/private/var/folders/7x/krk4nt553vjgpclm40cjszn8zpb28k/T/Rtmp3AYMKk/Rd2pdf6509
58459855/Rd2.aux) (/usr/local/texlive/2020/texmf-dist/tex/latex/psnfss/t1ptm.fd
) (/usr/local/texlive/2020/texmf-dist/tex/context/base/mkii/supp-pdf.mkii
[Loading MPS to PDF converter (version 2006.09.02).]
) (/usr/local/texlive/2020/texmf-dist/tex/latex/hyperref/nameref.sty
(/usr/local/texlive/2020/texmf-dist/tex/latex/refcount/refcount.sty)
(/usr/local/texlive/2020/texmf-dist/tex/generic/gettitlestring/gettitlestring.s
ty))
(/private/var/folders/7x/krk4nt553vjgpclm40cjszn8zpb28k/T/Rtmp3AYMKk/Rd2pdf6509
58459855/Rd2.out)
(/private/var/folders/7x/krk4nt553vjgpclm40cjszn8zpb28k/T/Rtmp3AYMKk/Rd2pdf6509
58459855/Rd2.out)
(/usr/local/texlive/2020/texmf-dist/tex/latex/inconsolata/t1zi4.fd)
(/usr/local/texlive/2020/texmf-dist/tex/latex/psnfss/t1phv.fd

LaTeX Warning: Font shape declaration has incorrect series value `mc'.
               It should not contain an `m'! Please correct it.
               Found on input line 20.


LaTeX Warning: Font shape declaration has incorrect series value `mc'.
               It should not contain an `m'! Please correct it.
               Found on input line 23.


LaTeX Warning: Font shape declaration has incorrect series value `mc'.
               It should not contain an `m'! Please correct it.
               Found on input line 26.


LaTeX Warning: Font shape declaration has incorrect series value `mc'.
               It should not contain an `m'! Please correct it.
               Found on input line 46.

)
(/private/var/folders/7x/krk4nt553vjgpclm40cjszn8zpb28k/T/Rtmp3AYMKk/Rd2pdf6509
58459855/Rd2.toc [1{/usr/local/texlive/2020/texmf-var/fonts/map/pdftex/updmap/p
dftex.map}]) [2] [3] [4] [5] [6] [7] [8] [9] [10] [11] [12] [13] [14]
Underfull \hbox (badness 10000) in paragraph at lines 724--724
[]\T1/ptm/m/it/10 Plot in-del pro-file in a 21-channel bar plot, orig-i-nal
[15]
Underfull \hbox (badness 10000) in paragraph at lines 756--756
[]\T1/ptm/m/it/10 Plot in-del pro-file in a 89-channel bar plot, orig-i-nal
[16]
Underfull \hbox (badness 10000) in paragraph at lines 798--798
[]\T1/ptm/m/it/10 Plot in-del pro-file in a 89-channel bar plot, orig-i-nal

Underfull \hbox (badness 4832) in paragraph at lines 838--838
[]\T1/ptm/m/it/10 Plot in-del pro-file in a ex-tended chan-nel bar plot, orig-i
-nal
[17]
Underfull \hbox (badness 4832) in paragraph at lines 880--880
[]\T1/ptm/m/it/10 Plot in-del pro-file in a ex-tended chan-nel bar plot, orig-i
-nal
[18] [19] [20]
Underfull \hbox (badness 10000) in paragraph at lines 1066--1066
[]\T1/ptm/m/it/10 Plot in-del pro-file in a 89-channel bar plot, orig-i-nal
[21] [22]
No file Rd2.ind.
[23]
(/private/var/folders/7x/krk4nt553vjgpclm40cjszn8zpb28k/T/Rtmp3AYMKk/Rd2pdf6509
58459855/Rd2.aux) )
(see the transcript file for additional information){/usr/local/texlive/2020/te
xmf-dist/fonts/enc/dvips/base/8r.enc}{/usr/local/texlive/2020/texmf-dist/fonts/
enc/dvips/inconsolata/i4-t1-0.enc}</usr/local/texlive/2020/texmf-dist/fonts/typ
e1/public/inconsolata/Inconsolata-zi4r.pfb></usr/local/texlive/2020/texmf-dist/
fonts/type1/urw/helvetic/uhvr8a.pfb></usr/local/texlive/2020/texmf-dist/fonts/t
ype1/urw/times/utmb8a.pfb></usr/local/texlive/2020/texmf-dist/fonts/type1/urw/t
imes/utmr8a.pfb></usr/local/texlive/2020/texmf-dist/fonts/type1/urw/times/utmr8
a.pfb></usr/local/texlive/2020/texmf-dist/fonts/type1/urw/times/utmri8a.pfb>
Output written on Rd2.pdf (23 pages, 108548 bytes).
Transcript written on Rd2.log.
This is makeindex, version 2.15 [TeX Live 2020] (kpathsea + Thai support).
Scanning input file Rd2.idx....done (45 entries accepted, 0 rejected).
Sorting entries....done (262 comparisons).
Generating output file Rd2.ind....done (89 lines written, 0 warnings).
Output written in Rd2.ind.
Transcript written in Rd2.ilg.
This is pdfTeX, Version 3.14159265-2.6-1.40.21 (TeX Live 2020) (preloaded format=pdflatex)
 restricted \write18 enabled.
entering extended mode
LaTeX2e <2020-02-02> patch level 5
L3 programming layer <2020-03-06>
(./Rd2.tex
(/usr/local/texlive/2020/texmf-dist/tex/latex/base/book.cls
Document Class: book 2019/12/20 v1.4l Standard LaTeX document class
(/usr/local/texlive/2020/texmf-dist/tex/latex/base/bk10.clo))
(/Library/Frameworks/R.framework/Resources/share/texmf/tex/latex/Rd.sty
(/usr/local/texlive/2020/texmf-dist/tex/latex/base/ifthen.sty)
(/usr/local/texlive/2020/texmf-dist/tex/latex/tools/longtable.sty)
(/usr/local/texlive/2020/texmf-dist/tex/latex/tools/bm.sty)
(/usr/local/texlive/2020/texmf-dist/tex/latex/base/alltt.sty)
(/usr/local/texlive/2020/texmf-dist/tex/latex/tools/verbatim.sty)
(/usr/local/texlive/2020/texmf-dist/tex/latex/url/url.sty)
(/usr/local/texlive/2020/texmf-dist/tex/latex/base/textcomp.sty)
(/usr/local/texlive/2020/texmf-dist/tex/latex/base/fontenc.sty)
(/usr/local/texlive/2020/texmf-dist/tex/latex/psnfss/times.sty)
(/usr/local/texlive/2020/texmf-dist/tex/latex/inconsolata/zi4.sty
`inconsolata-zi4' v1.12, 2019/05/17 Text macros for Inconsolata (msharpe)
(/usr/local/texlive/2020/texmf-dist/tex/latex/xkeyval/xkeyval.sty
(/usr/local/texlive/2020/texmf-dist/tex/generic/xkeyval/xkeyval.tex
(/usr/local/texlive/2020/texmf-dist/tex/generic/xkeyval/xkvutils.tex
(/usr/local/texlive/2020/texmf-dist/tex/generic/xkeyval/keyval.tex)))))
(/usr/local/texlive/2020/texmf-dist/tex/latex/graphics/color.sty
(/usr/local/texlive/2020/texmf-dist/tex/latex/graphics-cfg/color.cfg)
(/usr/local/texlive/2020/texmf-dist/tex/latex/graphics-def/pdftex.def))
(/usr/local/texlive/2020/texmf-dist/tex/latex/hyperref/hyperref.sty
(/usr/local/texlive/2020/texmf-dist/tex/generic/ltxcmds/ltxcmds.sty)
(/usr/local/texlive/2020/texmf-dist/tex/generic/iftex/iftex.sty)
(/usr/local/texlive/2020/texmf-dist/tex/latex/pdftexcmds/pdftexcmds.sty
(/usr/local/texlive/2020/texmf-dist/tex/generic/infwarerr/infwarerr.sty))
(/usr/local/texlive/2020/texmf-dist/tex/generic/kvsetkeys/kvsetkeys.sty)
(/usr/local/texlive/2020/texmf-dist/tex/generic/kvdefinekeys/kvdefinekeys.sty)
(/usr/local/texlive/2020/texmf-dist/tex/generic/pdfescape/pdfescape.sty)
(/usr/local/texlive/2020/texmf-dist/tex/latex/hycolor/hycolor.sty)
(/usr/local/texlive/2020/texmf-dist/tex/latex/letltxmacro/letltxmacro.sty)
(/usr/local/texlive/2020/texmf-dist/tex/latex/auxhook/auxhook.sty)
(/usr/local/texlive/2020/texmf-dist/tex/latex/kvoptions/kvoptions.sty)
(/usr/local/texlive/2020/texmf-dist/tex/latex/hyperref/pd1enc.def)
(/usr/local/texlive/2020/texmf-dist/tex/generic/intcalc/intcalc.sty)
(/usr/local/texlive/2020/texmf-dist/tex/generic/etexcmds/etexcmds.sty)
(/usr/local/texlive/2020/texmf-dist/tex/generic/bitset/bitset.sty
(/usr/local/texlive/2020/texmf-dist/tex/generic/bigintcalc/bigintcalc.sty))
(/usr/local/texlive/2020/texmf-dist/tex/generic/atbegshi/atbegshi.sty))
(/usr/local/texlive/2020/texmf-dist/tex/latex/hyperref/hpdftex.def
(/usr/local/texlive/2020/texmf-dist/tex/latex/atveryend/atveryend.sty)
(/usr/local/texlive/2020/texmf-dist/tex/latex/rerunfilecheck/rerunfilecheck.sty

(/usr/local/texlive/2020/texmf-dist/tex/generic/uniquecounter/uniquecounter.sty
)))

Package hyperref Warning: Option `hyperindex' has already been used,
(hyperref)                setting the option has no effect on input line 377.


Package hyperref Warning: Option `pagebackref' has already been used,
(hyperref)                setting the option has no effect on input line 377.

) (/usr/local/texlive/2020/texmf-dist/tex/latex/base/makeidx.sty)
(/usr/local/texlive/2020/texmf-dist/tex/latex/base/inputenc.sty)
Writing index file Rd2.idx
(/usr/local/texlive/2020/texmf-dist/tex/latex/l3backend/l3backend-pdfmode.def)
(/private/var/folders/7x/krk4nt553vjgpclm40cjszn8zpb28k/T/Rtmp3AYMKk/Rd2pdf6509
58459855/Rd2.aux) (/usr/local/texlive/2020/texmf-dist/tex/latex/psnfss/t1ptm.fd
) (/usr/local/texlive/2020/texmf-dist/tex/context/base/mkii/supp-pdf.mkii
[Loading MPS to PDF converter (version 2006.09.02).]
) (/usr/local/texlive/2020/texmf-dist/tex/latex/hyperref/nameref.sty
(/usr/local/texlive/2020/texmf-dist/tex/latex/refcount/refcount.sty)
(/usr/local/texlive/2020/texmf-dist/tex/generic/gettitlestring/gettitlestring.s
ty))
(/private/var/folders/7x/krk4nt553vjgpclm40cjszn8zpb28k/T/Rtmp3AYMKk/Rd2pdf6509
58459855/Rd2.out)
(/private/var/folders/7x/krk4nt553vjgpclm40cjszn8zpb28k/T/Rtmp3AYMKk/Rd2pdf6509
58459855/Rd2.out)
(/usr/local/texlive/2020/texmf-dist/tex/latex/inconsolata/t1zi4.fd)
(/usr/local/texlive/2020/texmf-dist/tex/latex/psnfss/t1phv.fd

LaTeX Warning: Font shape declaration has incorrect series value `mc'.
               It should not contain an `m'! Please correct it.
               Found on input line 20.


LaTeX Warning: Font shape declaration has incorrect series value `mc'.
               It should not contain an `m'! Please correct it.
               Found on input line 23.


LaTeX Warning: Font shape declaration has incorrect series value `mc'.
               It should not contain an `m'! Please correct it.
               Found on input line 26.


LaTeX Warning: Font shape declaration has incorrect series value `mc'.
               It should not contain an `m'! Please correct it.
               Found on input line 46.

)
(/private/var/folders/7x/krk4nt553vjgpclm40cjszn8zpb28k/T/Rtmp3AYMKk/Rd2pdf6509
58459855/Rd2.toc [1{/usr/local/texlive/2020/texmf-var/fonts/map/pdftex/updmap/p
dftex.map}]) [2] [3] [4] [5] [6] [7] [8] [9] [10] [11] [12] [13] [14]
Underfull \hbox (badness 10000) in paragraph at lines 724--724
[]\T1/ptm/m/it/10 Plot in-del pro-file in a 21-channel bar plot, orig-i-nal
[15]
Underfull \hbox (badness 10000) in paragraph at lines 756--756
[]\T1/ptm/m/it/10 Plot in-del pro-file in a 89-channel bar plot, orig-i-nal
[16]
Underfull \hbox (badness 10000) in paragraph at lines 798--798
[]\T1/ptm/m/it/10 Plot in-del pro-file in a 89-channel bar plot, orig-i-nal

Underfull \hbox (badness 4832) in paragraph at lines 838--838
[]\T1/ptm/m/it/10 Plot in-del pro-file in a ex-tended chan-nel bar plot, orig-i
-nal
[17]
Underfull \hbox (badness 4832) in paragraph at lines 880--880
[]\T1/ptm/m/it/10 Plot in-del pro-file in a ex-tended chan-nel bar plot, orig-i
-nal
[18] [19] [20]
Underfull \hbox (badness 10000) in paragraph at lines 1066--1066
[]\T1/ptm/m/it/10 Plot in-del pro-file in a 89-channel bar plot, orig-i-nal
[21] [22]
(/private/var/folders/7x/krk4nt553vjgpclm40cjszn8zpb28k/T/Rtmp3AYMKk/Rd2pdf6509
58459855/Rd2.ind [23]
Overfull \hbox (23.3567pt too wide) in paragraph at lines 6--8
[]| \T1/zi4/m/n/10 indel_template_type_4_full_figurelabel\T1/ptm/m/n/10 , 

Overfull \hbox (3.3567pt too wide) in paragraph at lines 39--41
[]\T1/zi4/m/n/10 gen_plot_catalouge89_single_percentage\T1/ptm/m/n/10 , 

Overfull \hbox (3.3567pt too wide) in paragraph at lines 42--44
[]\T1/zi4/m/n/10 gen_plot_catalougefull_single_noXlabel\T1/ptm/m/n/10 , 

Overfull \hbox (3.3567pt too wide) in paragraph at lines 56--58
[]\T1/zi4/m/n/10 indel_template_type_4_full_figurelabel\T1/ptm/m/n/10 , 
[24])
(/private/var/folders/7x/krk4nt553vjgpclm40cjszn8zpb28k/T/Rtmp3AYMKk/Rd2pdf6509
58459855/Rd2.aux)

Package rerunfilecheck Warning: File `Rd2.out' has changed.
(rerunfilecheck)                Rerun to get outlines right
(rerunfilecheck)                or use package `bookmark'.

 )
(see the transcript file for additional information){/usr/local/texlive/2020/te
xmf-dist/fonts/enc/dvips/base/8r.enc}{/usr/local/texlive/2020/texmf-dist/fonts/
enc/dvips/inconsolata/i4-t1-0.enc}</usr/local/texlive/2020/texmf-dist/fonts/typ
e1/public/inconsolata/Inconsolata-zi4r.pfb></usr/local/texlive/2020/texmf-dist/
fonts/type1/public/amsfonts/cm/cmsy10.pfb></usr/local/texlive/2020/texmf-dist/f
onts/type1/urw/helvetic/uhvr8a.pfb></usr/local/texlive/2020/texmf-dist/fonts/ty
pe1/urw/times/utmb8a.pfb></usr/local/texlive/2020/texmf-dist/fonts/type1/urw/ti
mes/utmr8a.pfb></usr/local/texlive/2020/texmf-dist/fonts/type1/urw/times/utmr8a
.pfb></usr/local/texlive/2020/texmf-dist/fonts/type1/urw/times/utmri8a.pfb>
Output written on Rd2.pdf (24 pages, 118765 bytes).
Transcript written on Rd2.log.
This is makeindex, version 2.15 [TeX Live 2020] (kpathsea + Thai support).
Scanning input file Rd2.idx....done (45 entries accepted, 0 rejected).
Sorting entries....done (262 comparisons).
Generating output file Rd2.ind....done (89 lines written, 0 warnings).
Output written in Rd2.ind.
Transcript written in Rd2.ilg.
This is pdfTeX, Version 3.14159265-2.6-1.40.21 (TeX Live 2020) (preloaded format=pdflatex)
 restricted \write18 enabled.
entering extended mode
LaTeX2e <2020-02-02> patch level 5
L3 programming layer <2020-03-06>
(./Rd2.tex
(/usr/local/texlive/2020/texmf-dist/tex/latex/base/book.cls
Document Class: book 2019/12/20 v1.4l Standard LaTeX document class
(/usr/local/texlive/2020/texmf-dist/tex/latex/base/bk10.clo))
(/Library/Frameworks/R.framework/Resources/share/texmf/tex/latex/Rd.sty
(/usr/local/texlive/2020/texmf-dist/tex/latex/base/ifthen.sty)
(/usr/local/texlive/2020/texmf-dist/tex/latex/tools/longtable.sty)
(/usr/local/texlive/2020/texmf-dist/tex/latex/tools/bm.sty)
(/usr/local/texlive/2020/texmf-dist/tex/latex/base/alltt.sty)
(/usr/local/texlive/2020/texmf-dist/tex/latex/tools/verbatim.sty)
(/usr/local/texlive/2020/texmf-dist/tex/latex/url/url.sty)
(/usr/local/texlive/2020/texmf-dist/tex/latex/base/textcomp.sty)
(/usr/local/texlive/2020/texmf-dist/tex/latex/base/fontenc.sty)
(/usr/local/texlive/2020/texmf-dist/tex/latex/psnfss/times.sty)
(/usr/local/texlive/2020/texmf-dist/tex/latex/inconsolata/zi4.sty
`inconsolata-zi4' v1.12, 2019/05/17 Text macros for Inconsolata (msharpe)
(/usr/local/texlive/2020/texmf-dist/tex/latex/xkeyval/xkeyval.sty
(/usr/local/texlive/2020/texmf-dist/tex/generic/xkeyval/xkeyval.tex
(/usr/local/texlive/2020/texmf-dist/tex/generic/xkeyval/xkvutils.tex
(/usr/local/texlive/2020/texmf-dist/tex/generic/xkeyval/keyval.tex)))))
(/usr/local/texlive/2020/texmf-dist/tex/latex/graphics/color.sty
(/usr/local/texlive/2020/texmf-dist/tex/latex/graphics-cfg/color.cfg)
(/usr/local/texlive/2020/texmf-dist/tex/latex/graphics-def/pdftex.def))
(/usr/local/texlive/2020/texmf-dist/tex/latex/hyperref/hyperref.sty
(/usr/local/texlive/2020/texmf-dist/tex/generic/ltxcmds/ltxcmds.sty)
(/usr/local/texlive/2020/texmf-dist/tex/generic/iftex/iftex.sty)
(/usr/local/texlive/2020/texmf-dist/tex/latex/pdftexcmds/pdftexcmds.sty
(/usr/local/texlive/2020/texmf-dist/tex/generic/infwarerr/infwarerr.sty))
(/usr/local/texlive/2020/texmf-dist/tex/generic/kvsetkeys/kvsetkeys.sty)
(/usr/local/texlive/2020/texmf-dist/tex/generic/kvdefinekeys/kvdefinekeys.sty)
(/usr/local/texlive/2020/texmf-dist/tex/generic/pdfescape/pdfescape.sty)
(/usr/local/texlive/2020/texmf-dist/tex/latex/hycolor/hycolor.sty)
(/usr/local/texlive/2020/texmf-dist/tex/latex/letltxmacro/letltxmacro.sty)
(/usr/local/texlive/2020/texmf-dist/tex/latex/auxhook/auxhook.sty)
(/usr/local/texlive/2020/texmf-dist/tex/latex/kvoptions/kvoptions.sty)
(/usr/local/texlive/2020/texmf-dist/tex/latex/hyperref/pd1enc.def)
(/usr/local/texlive/2020/texmf-dist/tex/generic/intcalc/intcalc.sty)
(/usr/local/texlive/2020/texmf-dist/tex/generic/etexcmds/etexcmds.sty)
(/usr/local/texlive/2020/texmf-dist/tex/generic/bitset/bitset.sty
(/usr/local/texlive/2020/texmf-dist/tex/generic/bigintcalc/bigintcalc.sty))
(/usr/local/texlive/2020/texmf-dist/tex/generic/atbegshi/atbegshi.sty))
(/usr/local/texlive/2020/texmf-dist/tex/latex/hyperref/hpdftex.def
(/usr/local/texlive/2020/texmf-dist/tex/latex/atveryend/atveryend.sty)
(/usr/local/texlive/2020/texmf-dist/tex/latex/rerunfilecheck/rerunfilecheck.sty

(/usr/local/texlive/2020/texmf-dist/tex/generic/uniquecounter/uniquecounter.sty
)))

Package hyperref Warning: Option `hyperindex' has already been used,
(hyperref)                setting the option has no effect on input line 377.


Package hyperref Warning: Option `pagebackref' has already been used,
(hyperref)                setting the option has no effect on input line 377.

) (/usr/local/texlive/2020/texmf-dist/tex/latex/base/makeidx.sty)
(/usr/local/texlive/2020/texmf-dist/tex/latex/base/inputenc.sty)
Writing index file Rd2.idx
(/usr/local/texlive/2020/texmf-dist/tex/latex/l3backend/l3backend-pdfmode.def)
(/private/var/folders/7x/krk4nt553vjgpclm40cjszn8zpb28k/T/Rtmp3AYMKk/Rd2pdf6509
58459855/Rd2.aux) (/usr/local/texlive/2020/texmf-dist/tex/latex/psnfss/t1ptm.fd
) (/usr/local/texlive/2020/texmf-dist/tex/context/base/mkii/supp-pdf.mkii
[Loading MPS to PDF converter (version 2006.09.02).]
) (/usr/local/texlive/2020/texmf-dist/tex/latex/hyperref/nameref.sty
(/usr/local/texlive/2020/texmf-dist/tex/latex/refcount/refcount.sty)
(/usr/local/texlive/2020/texmf-dist/tex/generic/gettitlestring/gettitlestring.s
ty))
(/private/var/folders/7x/krk4nt553vjgpclm40cjszn8zpb28k/T/Rtmp3AYMKk/Rd2pdf6509
58459855/Rd2.out)
(/private/var/folders/7x/krk4nt553vjgpclm40cjszn8zpb28k/T/Rtmp3AYMKk/Rd2pdf6509
58459855/Rd2.out)
(/usr/local/texlive/2020/texmf-dist/tex/latex/inconsolata/t1zi4.fd)
(/usr/local/texlive/2020/texmf-dist/tex/latex/psnfss/t1phv.fd

LaTeX Warning: Font shape declaration has incorrect series value `mc'.
               It should not contain an `m'! Please correct it.
               Found on input line 20.


LaTeX Warning: Font shape declaration has incorrect series value `mc'.
               It should not contain an `m'! Please correct it.
               Found on input line 23.


LaTeX Warning: Font shape declaration has incorrect series value `mc'.
               It should not contain an `m'! Please correct it.
               Found on input line 26.


LaTeX Warning: Font shape declaration has incorrect series value `mc'.
               It should not contain an `m'! Please correct it.
               Found on input line 46.

)
(/private/var/folders/7x/krk4nt553vjgpclm40cjszn8zpb28k/T/Rtmp3AYMKk/Rd2pdf6509
58459855/Rd2.toc [1{/usr/local/texlive/2020/texmf-var/fonts/map/pdftex/updmap/p
dftex.map}]) [2] [3] [4] [5] [6] [7] [8] [9] [10] [11] [12] [13] [14]
Underfull \hbox (badness 10000) in paragraph at lines 724--724
[]\T1/ptm/m/it/10 Plot in-del pro-file in a 21-channel bar plot, orig-i-nal
[15]
Underfull \hbox (badness 10000) in paragraph at lines 756--756
[]\T1/ptm/m/it/10 Plot in-del pro-file in a 89-channel bar plot, orig-i-nal
[16]
Underfull \hbox (badness 10000) in paragraph at lines 798--798
[]\T1/ptm/m/it/10 Plot in-del pro-file in a 89-channel bar plot, orig-i-nal

Underfull \hbox (badness 4832) in paragraph at lines 838--838
[]\T1/ptm/m/it/10 Plot in-del pro-file in a ex-tended chan-nel bar plot, orig-i
-nal
[17]
Underfull \hbox (badness 4832) in paragraph at lines 880--880
[]\T1/ptm/m/it/10 Plot in-del pro-file in a ex-tended chan-nel bar plot, orig-i
-nal
[18] [19] [20]
Underfull \hbox (badness 10000) in paragraph at lines 1066--1066
[]\T1/ptm/m/it/10 Plot in-del pro-file in a 89-channel bar plot, orig-i-nal
[21] [22]
(/private/var/folders/7x/krk4nt553vjgpclm40cjszn8zpb28k/T/Rtmp3AYMKk/Rd2pdf6509
58459855/Rd2.ind [23]
Overfull \hbox (23.3567pt too wide) in paragraph at lines 6--8
[]| \T1/zi4/m/n/10 indel_template_type_4_full_figurelabel\T1/ptm/m/n/10 , 

Overfull \hbox (3.3567pt too wide) in paragraph at lines 39--41
[]\T1/zi4/m/n/10 gen_plot_catalouge89_single_percentage\T1/ptm/m/n/10 , 

Overfull \hbox (3.3567pt too wide) in paragraph at lines 42--44
[]\T1/zi4/m/n/10 gen_plot_catalougefull_single_noXlabel\T1/ptm/m/n/10 , 

Overfull \hbox (3.3567pt too wide) in paragraph at lines 56--58
[]\T1/zi4/m/n/10 indel_template_type_4_full_figurelabel\T1/ptm/m/n/10 , 
[24])
(/private/var/folders/7x/krk4nt553vjgpclm40cjszn8zpb28k/T/Rtmp3AYMKk/Rd2pdf6509
58459855/Rd2.aux) )
(see the transcript file for additional information){/usr/local/texlive/2020/te
xmf-dist/fonts/enc/dvips/base/8r.enc}{/usr/local/texlive/2020/texmf-dist/fonts/
enc/dvips/inconsolata/i4-t1-0.enc}</usr/local/texlive/2020/texmf-dist/fonts/typ
e1/public/inconsolata/Inconsolata-zi4r.pfb></usr/local/texlive/2020/texmf-dist/
fonts/type1/public/amsfonts/cm/cmsy10.pfb></usr/local/texlive/2020/texmf-dist/f
onts/type1/urw/helvetic/uhvr8a.pfb></usr/local/texlive/2020/texmf-dist/fonts/ty
pe1/urw/times/utmb8a.pfb></usr/local/texlive/2020/texmf-dist/fonts/type1/urw/ti
mes/utmr8a.pfb></usr/local/texlive/2020/texmf-dist/fonts/type1/urw/times/utmr8a
.pfb></usr/local/texlive/2020/texmf-dist/fonts/type1/urw/times/utmri8a.pfb>
Output written on Rd2.pdf (24 pages, 119154 bytes).
Transcript written on Rd2.log.
Saving output to ‘indelsig.tools.lib-manual.pdf’ ...
Done
You may want to clean up by 'rm -Rf /var/folders/7x/krk4nt553vjgpclm40cjszn8zpb28k/T//Rtmp3AYMKk/Rd2pdf650958459855'
